  Sprite.cpp
c:\users\kbc16b01\desktop\cargame7 - コピー - コピー (2)\gametemplate\game\player.h(56): warning C4244: 'return': 'float' から 'int' への変換です。データが失われる可能性があります。
  SceneSprite.cpp
c:\users\kbc16b01\desktop\cargame7 - コピー - コピー (2)\gametemplate\game\player.h(56): warning C4244: 'return': 'float' から 'int' への変換です。データが失われる可能性があります。
  Player.cpp
c:\users\kbc16b01\desktop\cargame7 - コピー - コピー (2)\gametemplate\game\player.h(56): warning C4244: 'return': 'float' から 'int' への変換です。データが失われる可能性があります。
  GameTimeTexture.cpp
c:\users\kbc16b01\desktop\cargame7 - コピー - コピー (2)\gametemplate\game\player.h(56): warning C4244: 'return': 'float' から 'int' への変換です。データが失われる可能性があります。
  コードを生成中...
  コンパイル中...
  SkinModel.cpp
c:\users\kbc16b01\desktop\cargame7 - コピー - コピー (2)\gametemplate\game\player.h(56): warning C4244: 'return': 'float' から 'int' への変換です。データが失われる可能性があります。
  main.cpp
c:\users\kbc16b01\desktop\cargame7 - コピー - コピー (2)\gametemplate\game\player.h(56): warning C4244: 'return': 'float' から 'int' への変換です。データが失われる可能性があります。
  game.cpp
c:\users\kbc16b01\desktop\cargame7 - コピー - コピー (2)\gametemplate\game\player.h(56): warning C4244: 'return': 'float' から 'int' への変換です。データが失われる可能性があります。
  StartTexture.cpp
c:\users\kbc16b01\desktop\cargame7 - コピー - コピー (2)\gametemplate\game\player.h(56): warning C4244: 'return': 'float' から 'int' への変換です。データが失われる可能性があります。
  StartCountTexture.cpp
c:\users\kbc16b01\desktop\cargame7 - コピー - コピー (2)\gametemplate\game\player.h(56): warning C4244: 'return': 'float' から 'int' への変換です。データが失われる可能性があります。
  SpringCamera.cpp
c:\users\kbc16b01\desktop\cargame7 - コピー - コピー (2)\gametemplate\game\player.h(56): warning C4244: 'return': 'float' から 'int' への変換です。データが失われる可能性があります。
  ShadowMap.cpp
c:\users\kbc16b01\desktop\cargame7 - コピー - コピー (2)\gametemplate\game\player.h(56): warning C4244: 'return': 'float' から 'int' への変換です。データが失われる可能性があります。
  SceneManager.cpp
c:\users\kbc16b01\desktop\cargame7 - コピー - コピー (2)\gametemplate\game\player.h(56): warning C4244: 'return': 'float' から 'int' への変換です。データが失われる可能性があります。
  RoadAroundFrequencyTexture.cpp
c:\users\kbc16b01\desktop\cargame7 - コピー - コピー (2)\gametemplate\game\player.h(56): warning C4244: 'return': 'float' から 'int' への変換です。データが失われる可能性があります。
  Particle.cpp
c:\users\kbc16b01\desktop\cargame7 - コピー - コピー (2)\gametemplate\game\player.h(56): warning C4244: 'return': 'float' から 'int' への変換です。データが失われる可能性があります。
  MapChip.cpp
c:\users\kbc16b01\desktop\cargame7 - コピー - コピー (2)\gametemplate\game\player.h(56): warning C4244: 'return': 'float' から 'int' への変換です。データが失われる可能性があります。
  MainRenderTarget.cpp
c:\users\kbc16b01\desktop\cargame7 - コピー - コピー (2)\gametemplate\game\player.h(56): warning C4244: 'return': 'float' から 'int' への変換です。データが失われる可能性があります。
  Item.cpp
c:\users\kbc16b01\desktop\cargame7 - コピー - コピー (2)\gametemplate\game\player.h(56): warning C4244: 'return': 'float' から 'int' への変換です。データが失われる可能性があります。
  CSoundSource.cpp
c:\users\kbc16b01\desktop\cargame7 - コピー - コピー (2)\gametemplate\game\player.h(56): warning C4244: 'return': 'float' から 'int' への変換です。データが失われる可能性があります。
  CCourcePath.cpp
c:\users\kbc16b01\desktop\cargame7 - コピー - コピー (2)\gametemplate\game\player.h(56): warning C4244: 'return': 'float' から 'int' への変換です。データが失われる可能性があります。
  Bloom.cpp
c:\users\kbc16b01\desktop\cargame7 - コピー - コピー (2)\gametemplate\game\player.h(56): warning C4244: 'return': 'float' から 'int' への変換です。データが失われる可能性があります。
c:\users\kbc16b01\desktop\cargame7 - コピー - コピー (2)\gametemplate\game\bloom.cpp(10): warning C4244: '引数': 'double' から 'float' への変換です。データが失われる可能性があります。
  コードを生成中...
  game.vcxproj -> C:\Users\kbc16b01\Desktop\CarGame7 - コピー - コピー (2)\GameTemplate\Debug\game.exe
  game.vcxproj -> C:\Users\kbc16b01\Desktop\CarGame7 - コピー - コピー (2)\GameTemplate\Debug\game.pdb (Full PDB)
